[10456:16316:0407/160633.337:WARNING:chrome_main_delegate.cc(745)] This is Chrome version 128.0.6613.138 (not a warning)
[10456:16696:0407/160633.381:ERROR:google_update_settings.cc(265)] Failed opening key Software\Chromium to set usagestats; result: 5
[10456:16316:0407/160633.412:WARNING:account_consistency_mode_manager.cc(77)] Desktop Identity Consistency cannot be enabled as no OAuth client ID and client secret have been configured.
[4316:13320:0407/160637.801:WARNING:frame_impl.cc(430)] virtual CefFrameImpl::SendProcessMessage sent to detached frame 5-200A295418E2966292FA0A5519F79F12 will be ignored
[10456:11692:0407/160638.211:WARNING:browser_info.cc(345)] Returning a speculative frame for [7,9]
[10456:16316:0407/160638.234:WARNING:browser_info.cc(345)] Returning a speculative frame for [8,5]
[10456:16316:0407/160638.235:WARNING:browser_info.cc(345)] Returning a speculative frame for [8,5]
[10456:16316:0407/160638.236:WARNING:browser_info.cc(345)] Returning a speculative frame for [8,5]
[10456:16316:0407/160638.236:WARNING:browser_info.cc(345)] Returning a speculative frame for [8,5]
[10456:11692:0407/160638.296:WARNING:browser_info.cc(345)] Returning a speculative frame for [8,5]
[20112:8328:0407/160641.494:WARNING:codec.cc(525)] Explicitly added H264 constrained baseline to list of supported formats.
[20112:8328:0407/160641.717:WARNING:codec.cc(525)] Explicitly added H264 constrained baseline to list of supported formats.
[20112:20208:0407/160641.907:WARNING:codec.cc(525)] Explicitly added H264 constrained baseline to list of supported formats.
[20112:20208:0407/160641.909:WARNING:codec.cc(525)] Explicitly added H264 constrained baseline to list of supported formats.
[20112:20208:0407/160641.928:WARNING:codec.cc(525)] Explicitly added H264 constrained baseline to list of supported formats.
[3176:13588:0407/160641.934:WARNING:host_resolver_dns_task.cc(863)] Address list empty after RFC3484 sort
[3176:13588:0407/160641.934:WARNING:host_resolver_dns_task.cc(863)] Address list empty after RFC3484 sort
[3176:13588:0407/160641.985:ERROR:socket_manager.cc(147)] Failed to resolve address for stun.l.google.com., errorcode: -105
[3176:13588:0407/160641.985:ERROR:socket_manager.cc(147)] Failed to resolve address for stun.cloudflare.com., errorcode: -105
[20112:20208:0407/160641.987:WARNING:stun_port.cc(442)] Port[3418c00:0:1:0:host:Net[any:0:0:0:x:x:x:x:x/0:Wildcard:id=0]]: StunPort: stun host lookup received error -1
[20112:20208:0407/160641.990:WARNING:stun_port.cc(442)] Port[3418c00:0:1:0:host:Net[any:0:0:0:x:x:x:x:x/0:Wildcard:id=0]]: StunPort: stun host lookup received error -1
[3176:13588:0407/160641.997:WARNING:host_resolver_dns_task.cc(863)] Address list empty after RFC3484 sort
[3176:13588:0407/160641.997:WARNING:host_resolver_dns_task.cc(863)] Address list empty after RFC3484 sort
[3176:13588:0407/160641.998:ERROR:socket_manager.cc(147)] Failed to resolve address for stun.l.google.com., errorcode: -105
[3176:13588:0407/160641.998:ERROR:socket_manager.cc(147)] Failed to resolve address for stun.l.google.com., errorcode: -105
[3176:13588:0407/160641.999:ERROR:socket_manager.cc(147)] Failed to resolve address for stun.cloudflare.com., errorcode: -105
[3176:13588:0407/160641.999:ERROR:socket_manager.cc(147)] Failed to resolve address for stun.cloudflare.com., errorcode: -105
[20112:20208:0407/160642.000:WARNING:stun_port.cc(442)] Port[3419400:1:1:0:host:Net[any:0:0:0:x:x:x:x:x/0:Wildcard:id=0]]: StunPort: stun host lookup received error -1
[20112:20208:0407/160642.000:WARNING:stun_port.cc(442)] Port[3419c00:2:1:0:host:Net[any:0:0:0:x:x:x:x:x/0:Wildcard:id=0]]: StunPort: stun host lookup received error -1
[20112:20208:0407/160642.000:WARNING:stun_port.cc(442)] Port[3419400:1:1:0:host:Net[any:0:0:0:x:x:x:x:x/0:Wildcard:id=0]]: StunPort: stun host lookup received error -1
[20112:20208:0407/160642.000:WARNING:stun_port.cc(442)] Port[3419c00:2:1:0:host:Net[any:0:0:0:x:x:x:x:x/0:Wildcard:id=0]]: StunPort: stun host lookup received error -1
[1288:19352:0407/160846.894:ERROR:shared_image_manager.cc(224)] SharedImageManager::ProduceSkia: Trying to Produce a Skia representation from a non-existent mailbox.
[1288:19352:0407/160846.894:ERROR:shared_image_manager.cc(224)] SharedImageManager::ProduceSkia: Trying to Produce a Skia representation from a non-existent mailbox.
[10456:16316:0407/172801.551:WARNING:pref_notifier_impl.cc(41)] Pref observer for media_router.cast_allow_all_ips found at shutdown.
